<?xml version="1.0" encoding="UTF-8"?>
<!-- Generated by org.testng.reporters.JUnitReportReporter -->
<testsuite hostname="TNQ-LTP-239" name="ExcelProvider.TestConfig" tests="1" failures="0" timestamp="20 Jul 2017 11:04:29 GMT" time="53.760" errors="0">
  <testcase name="startTest" time="53.760" classname="ExcelProvider.TestConfig"/>
</testsuite> <!-- ExcelProvider.TestConfig -->
