<?xml version="1.0" encoding="UTF-8"?>
<!-- Generated by org.testng.reporters.JUnitReportReporter -->
<testsuite hostname="TNQ-LTP-239" name="ExcelProvider.TestConfig" tests="1" failures="0" timestamp="21 Jul 2017 12:57:20 GMT" time="48.936" errors="0">
  <testcase name="startTest" time="48.936" classname="ExcelProvider.TestConfig"/>
</testsuite> <!-- ExcelProvider.TestConfig -->
